#
# A fatal error has been detected by the Java Runtime Environment:
#
#  SIGSEGV (0xb) at pc=0x00007ff808e3c6b2, pid=11680, tid=8963
#
# JRE version:  (11.0.13+8) (build )
# Java VM: OpenJDK 64-Bit Server VM (11.0.13+8, mixed mode, sharing, tiered, compressed oops, g1 gc, bsd-amd64)
# Problematic frame:
# C  [libsystem_platform.dylib+0x16b2]  _platform_strlen+0x12
#
# No core dump will be written. Core dumps have been disabled. To enable core dumping, try "ulimit -c unlimited" before starting Java again
#
#

---------------  S U M M A R Y ------------

Command Line: -Xmx64m -Xms64m -Dorg.gradle.appname=gradlew org.gradle.wrapper.GradleWrapperMain build

Host: MacBookPro17,1 x86_64 2400 MHz, 8 cores, 8G, Darwin 21.4.0
Time: Mon Apr 11 00:03:05 2022 +03 elapsed time: 0.014758 seconds (0d 0h 0m 0s)

---------------  T H R E A D  ---------------

Current thread (0x00007fa03600c000):  JavaThread "Unknown thread" [_thread_in_vm, id=8963, stack(0x0000000305c39000,0x0000000305d39000)]

Stack: [0x0000000305c39000,0x0000000305d39000],  sp=0x0000000305d38b60,  free space=1022k
Native frames: (J=compiled Java code, A=aot compiled Java code, j=interpreted, Vv=VM code, C=native code)
C  [libsystem_platform.dylib+0x16b2]  _platform_strlen+0x12
V  [libjvm.dylib+0x1fdb05]  ClassLoader::setup_boot_search_path(char const*)+0x1d
V  [libjvm.dylib+0x200531]  ClassLoader::initialize()+0x5d3
V  [libjvm.dylib+0x39b1f5]  init_globals()+0x2d
V  [libjvm.dylib+0x77f051]  Threads::create_vm(JavaVMInitArgs*, bool*)+0x285
V  [libjvm.dylib+0x40ac91]  JNI_CreateJavaVM+0x60
C  [libjli.dylib+0x4178]  JavaMain+0x10b
C  [libjli.dylib+0x6df6]  ThreadJavaMain+0x9
C  [libsystem_pthread.dylib+0x64e1]  _pthread_start+0x7d
C  [libsystem_pthread.dylib+0x1f6b]  thread_start+0xf


siginfo: si_signo: 11 (SIGSEGV), si_code: 1 (SEGV_MAPERR), si_addr: 0x0000000000000000

Registers:
RAX=0x000000010aa6ee4a, RBX=0x000000010aa72070, RCX=0x0000000000000000, RDX=0x0000000000000000
RSP=0x0000000305d38b60, RBP=0x0000000305d38b60, RSI=0x0000000000000000, RDI=0x0000000000000000
R8 =0x0000000000000000, R9 =0x0000000000000000, R10=0x0000000305d383c0, R11=0x0000000305d382b1
R12=0x00007fa03600c000, R13=0x0000000305d38f70, R14=0x000000010a681cf2, R15=0x0000000305d38ee7
RIP=0x00007ff808e3c6b2, EFLAGS=0x0000000000000246, ERR=0x0000000000000004
  TRAPNO=0x000000000000000e

Top of Stack: (sp=0x0000000305d38b60)
0x0000000305d38b60:   0000000305d38c80 000000010a2a2b05
0x0000000305d38b70:   000060000034c230 0000000000000040
0x0000000305d38b80:   0000600002f4da80 0000000000000040
0x0000000305d38b90:   0000000305d38bc0 000000010a6febd2
0x0000000305d38ba0:   0000000000000038 0000000000000040
0x0000000305d38bb0:   000060000144d400 0000000000000002
0x0000000305d38bc0:   0000000305d38c20 000000010a6fd17e
0x0000000305d38bd0:   0000000305d38b10 0000000000000008
0x0000000305d38be0:   000060000034c230 000060000144d400
0x0000000305d38bf0:   000060000034c220 0000600002f4db00
0x0000000305d38c00:   0000000305d38c40 000000010a6fd800
0x0000000305d38c10:   000060000144d400 000060000144d400
0x0000000305d38c20:   0000000000000004 000000010a8ab682
0x0000000305d38c30:   000000000000000b 0000000000000000
0x0000000305d38c40:   0000000000000000 0000000000000000
0x0000000305d38c50:   000000010a681cf2 000000010aa72070
0x0000000305d38c60:   00007fa03600c000 0000000305d38f70
0x0000000305d38c70:   000000010a681cf2 0000000305d38ee7
0x0000000305d38c80:   0000000305d38cb0 000000010a2a5531
0x0000000305d38c90:   00007fa03600c000 00007fa03600c000
0x0000000305d38ca0:   000000010aa72070 000000010a681cf2
0x0000000305d38cb0:   0000000305d38d00 000000010a4401f5
0x0000000305d38cc0:   00007fa03600c000 000060000144c500
0x0000000305d38cd0:   0000600003e48000 0000600003e48010
0x0000000305d38ce0:   0000600003e480e8 00000000000000d8
0x0000000305d38cf0:   000060000144c580 000000010aa72070
0x0000000305d38d00:   0000000305d38e90 000000010a824051
0x0000000305d38d10:   0000000000000000 0000000000000000
0x0000000305d38d20:   0000000000000000 0000000000000000
0x0000000305d38d30:   0000000000000000 0000000000000000
0x0000000305d38d40:   0000000000000000 0000000000000000
0x0000000305d38d50:   0000000000000100 0000000000000000 

Instructions: (pc=0x00007ff808e3c6b2)
0x00007ff808e3c5b2:   74 09 48 83 c1 01 48 39 d1 72 e3 5d c3 90 55 48
0x00007ff808e3c5c2:   89 e5 48 81 e6 ff 00 00 00 48 0f af 35 55 6e 00
0x00007ff808e3c5d2:   00 66 48 0f 6e c6 48 89 f8 48 83 fa 40 0f 82 92
0x00007ff808e3c5e2:   00 00 00 48 81 fa 00 80 00 00 0f 82 3e 00 00 00
0x00007ff808e3c5f2:   e9 28 00 00 00 66 0f 1f 84 00 00 00 00 00 55 48
0x00007ff808e3c602:   89 e5 48 89 f2 48 31 f6 0f 57 c0 48 89 f8 48 83
0x00007ff808e3c612:   fa 40 72 61 48 81 fa 00 80 00 00 72 11 48 89 d1
0x00007ff808e3c622:   48 89 f0 48 89 fa fc f3 aa 48 89 d0 5d c3 c4 e2
0x00007ff808e3c632:   7d 18 c0 c5 fc 11 07 48 83 c7 20 48 83 e7 e0 48
0x00007ff808e3c642:   89 f9 48 29 c1 48 29 ca 48 83 ea 40 76 13 c5 fc
0x00007ff808e3c652:   29 07 c5 fc 29 47 20 48 83 c7 40 48 83 ea 40 77
0x00007ff808e3c662:   ed c5 fc 11 04 17 c5 fc 11 44 17 20 c5 f8 77 5d
0x00007ff808e3c672:   c3 48 89 34 17 48 83 ea 08 73 f6 48 83 c2 08 74
0x00007ff808e3c682:   0b 40 88 74 17 ff 48 83 ea 01 75 f5 5d c3 90 90
0x00007ff808e3c692:   90 90 90 90 90 90 90 90 90 90 90 90 90 90 55 48
0x00007ff808e3c6a2:   89 e5 48 89 f9 48 89 fa 48 83 e7 f0 66 0f ef c0
0x00007ff808e3c6b2:   66 0f 74 07 66 0f d7 f0 48 83 e1 0f 48 83 c8 ff
0x00007ff808e3c6c2:   48 d3 e0 21 c6 74 17 0f bc c6 48 29 d7 48 01 f8
0x00007ff808e3c6d2:   5d c3 66 2e 0f 1f 84 00 00 00 00 00 66 90 48 83
0x00007ff808e3c6e2:   c7 10 66 0f ef c0 66 0f 74 07 66 0f d7 f0 85 f6
0x00007ff808e3c6f2:   74 ec eb d3 65 48 8b 0c 25 18 00 00 00 41 89 c8
0x00007ff808e3c702:   31 c0 f0 4c 0f b1 07 0f 85 de 1f 00 00 e9 00 00
0x00007ff808e3c712:   00 00 55 48 89 e5 41 56 53 41 89 ce 48 89 fb 48
0x00007ff808e3c722:   89 f7 ff d2 48 c7 c6 ff ff ff ff 48 87 33 44 39
0x00007ff808e3c732:   f6 75 05 5b 41 5e 5d c3 48 89 df 44 89 f2 5b 41
0x00007ff808e3c742:   5e 5d e9 91 20 00 00 65 8b 14 25 18 00 00 00 31
0x00007ff808e3c752:   c0 f0 0f b1 17 75 01 c3 31 f6 e9 82 0a 00 00 55
0x00007ff808e3c762:   48 89 e5 8b 3f 89 f8 83 c8 01 65 3b 04 25 18 00
0x00007ff808e3c772:   00 00 75 02 5d c3 e8 23 68 00 00 90 90 90 ba ff
0x00007ff808e3c782:   ff ff ff 0f bc c7 0f 44 c2 ff c0 c3 66 90 ba ff
0x00007ff808e3c792:   ff ff ff 48 0f bc c7 0f 44 c2 ff c0 c3 90 ba ff
0x00007ff808e3c7a2:   ff ff ff 0f bd c7 0f 44 c2 ff c0 c3 66 90 ba ff 



---------------  P R O C E S S  ---------------

Threads class SMR info:
_java_thread_list=0x0000600000141bc0, length=0, elements={
}

Java Threads: ( => current thread )

Other Threads:

=>0x00007fa03600c000 (exited) JavaThread "Unknown thread" [_thread_in_vm, id=8963, stack(0x0000000305c39000,0x0000000305d39000)]

Threads with active compile tasks:

VM state:not at safepoint (not fully initialized)

VM Mutex/Monitor currently owned by a thread: None


[error occurred during error reporting (printing compressed oops mode), id 0xb, SIGSEGV (0xb) at pc=0x000000010a83de8a]

Deoptimization events (0 events):
No events

Classes redefined (0 events):
No events

Internal exceptions (0 events):
No events

Events (2 events):
Event: 0.013 Protecting memory [0x0000000305c39000,0x0000000305c3d000] with protection modes 0
Event: 0.014 Loaded shared library /Users/batucagan/wpilib/2022/jdk/lib/libzip.dylib


Dynamic libraries:
0x0000000109298000 	/Users/batucagan/wpilib/2022/jdk/lib/jli/libjli.dylib
0x00007ff82010e000 	/System/Library/Frameworks/Cocoa.framework/Versions/A/Cocoa
0x00007ff80b80d000 	/System/Library/Frameworks/AppKit.framework/Versions/C/AppKit
0x00007ff80ed77000 	/System/Library/Frameworks/CoreData.framework/Versions/A/CoreData
0x00007ff809c19000 	/System/Library/Frameworks/Foundation.framework/Versions/C/Foundation
0x00007ff813ff9000 	/usr/lib/libSystem.B.dylib
0x00007ff80c69b000 	/System/Library/PrivateFrameworks/UIFoundation.framework/Versions/A/UIFoundation
0x00007ff81a018000 	/System/Library/PrivateFrameworks/RemoteViewServices.framework/Versions/A/RemoteViewServices
0x00007ff8122bc000 	/System/Library/PrivateFrameworks/XCTTargetBootstrap.framework/Versions/A/XCTTargetBootstrap
0x00007ff815ebe000 	/System/Library/PrivateFrameworks/InternationalSupport.framework/Versions/A/InternationalSupport
0x00007ff815f48000 	/System/Library/PrivateFrameworks/UserActivity.framework/Versions/A/UserActivity
0x00007ff8152a2000 	/usr/lib/libspindump.dylib
0x00007ff80c929000 	/System/Library/Frameworks/UniformTypeIdentifiers.framework/Versions/A/UniformTypeIdentifiers
0x00007ff8109e5000 	/usr/lib/libapp_launch_measurement.dylib
0x00007ff80f758000 	/System/Library/PrivateFrameworks/CoreAnalytics.framework/Versions/A/CoreAnalytics
0x00007ff8109e8000 	/System/Library/PrivateFrameworks/CoreAutoLayout.framework/Versions/A/CoreAutoLayout
0x00007ff811c16000 	/System/Library/Frameworks/Metal.framework/Versions/A/Metal
0x00007ff812942000 	/usr/lib/liblangid.dylib
0x00007ff8122c1000 	/System/Library/PrivateFrameworks/CoreSVG.framework/Versions/A/CoreSVG
0x00007ff80dd10000 	/System/Library/PrivateFrameworks/SkyLight.framework/Versions/A/SkyLight
0x00007ff80e0ae000 	/System/Library/Frameworks/CoreGraphics.framework/Versions/A/CoreGraphics
0x00007ff81a6d8000 	/System/Library/Frameworks/Accelerate.framework/Versions/A/Accelerate
0x00007ff814d21000 	/System/Library/PrivateFrameworks/IconServices.framework/Versions/A/IconServices
0x00007ff811bfb000 	/System/Library/Frameworks/IOSurface.framework/Versions/A/IOSurface
0x00007ff80f786000 	/usr/lib/libDiagnosticMessagesClient.dylib
0x00007ff813f13000 	/usr/lib/libz.1.dylib
0x00007ff81ddbb000 	/System/Library/Frameworks/ApplicationServices.framework/Versions/A/ApplicationServices
0x00007ff8122a8000 	/System/Library/PrivateFrameworks/DFRFoundation.framework/Versions/A/DFRFoundation
0x00007ff80b0f5000 	/usr/lib/libicucore.A.dylib
0x00007ff816cb3000 	/System/Library/Frameworks/AudioToolbox.framework/Versions/A/AudioToolbox
0x00007ff815eca000 	/System/Library/PrivateFrameworks/DataDetectorsCore.framework/Versions/A/DataDetectorsCore
0x00007ff911e9c000 	/System/Library/PrivateFrameworks/TextInput.framework/Versions/A/TextInput
0x00007ff80dc93000 	/usr/lib/libMobileGestalt.dylib
0x00007ff811fb4000 	/System/Library/Frameworks/Carbon.framework/Versions/A/Frameworks/HIToolbox.framework/Versions/A/HIToolbox
0x00007ff8103eb000 	/System/Library/Frameworks/QuartzCore.framework/Versions/A/QuartzCore
0x00007ff80ad9c000 	/System/Library/Frameworks/Security.framework/Versions/A/Security
0x00007ff81a050000 	/System/Library/Frameworks/Carbon.framework/Versions/A/Frameworks/SpeechRecognition.framework/Versions/A/SpeechRecognition
0x00007ff810745000 	/System/Library/PrivateFrameworks/CoreUI.framework/Versions/A/CoreUI
0x00007ff80a668000 	/System/Library/Frameworks/CoreAudio.framework/Versions/A/CoreAudio
0x00007ff80f875000 	/System/Library/Frameworks/DiskArbitration.framework/Versions/A/DiskArbitration
0x00007ff81568e000 	/System/Library/PrivateFrameworks/MultitouchSupport.framework/Versions/A/MultitouchSupport
0x00007ff80dc92000 	/usr/lib/libenergytrace.dylib
0x00007ff80b6f9000 	/System/Library/Frameworks/IOKit.framework/Versions/A/IOKit
0x00007ff81a440000 	/System/Library/Frameworks/CoreServices.framework/Versions/A/CoreServices
0x00007ff81097f000 	/System/Library/PrivateFrameworks/PerformanceAnalysis.framework/Versions/A/PerformanceAnalysis
0x00007ffa212a8000 	/System/Library/Frameworks/OpenGL.framework/Versions/A/OpenGL
0x00007ff81352d000 	/System/Library/PrivateFrameworks/MobileKeyBag.framework/Versions/A/MobileKeyBag
0x00007ff808cb6000 	/usr/lib/libobjc.A.dylib
0x00007ff80e7d8000 	/System/Library/Frameworks/ColorSync.framework/Versions/A/ColorSync
0x00007ff808e70000 	/System/Library/Frameworks/CoreFoundation.framework/Versions/A/CoreFoundation
0x00007ff812538000 	/System/Library/Frameworks/CoreImage.framework/Versions/A/CoreImage
0x00007ff80a480000 	/System/Library/Frameworks/CoreText.framework/Versions/A/CoreText
0x00007ff8122f1000 	/System/Library/Frameworks/ImageIO.framework/Versions/A/ImageIO
0x00007ff813fff000 	/System/Library/PrivateFrameworks/SoftLinking.framework/Versions/A/SoftLinking
0x00007ff810a30000 	/usr/lib/libxml2.2.dylib
0x00007ff808d7c000 	/usr/lib/libc++.1.dylib
0x00007ff814280000 	/usr/lib/libcompression.dylib
0x00007ff815df1000 	/System/Library/PrivateFrameworks/TextureIO.framework/Versions/A/TextureIO
0x00007ff81499a000 	/usr/lib/libate.dylib
0x00007ff813ff4000 	/usr/lib/system/libcache.dylib
0x00007ff813fb0000 	/usr/lib/system/libcommonCrypto.dylib
0x00007ff813fd9000 	/usr/lib/system/libcompiler_rt.dylib
0x00007ff813fcf000 	/usr/lib/system/libcopyfile.dylib
0x00007ff808bb1000 	/usr/lib/system/libcorecrypto.dylib
0x00007ff808c6f000 	/usr/lib/system/libdispatch.dylib
0x00007ff808e2f000 	/usr/lib/system/libdyld.dylib
0x00007ff813feb000 	/usr/lib/system/libkeymgr.dylib
0x00007ff813f8e000 	/usr/lib/system/libmacho.dylib
0x00007ff813607000 	/usr/lib/system/libquarantine.dylib
0x00007ff813fe9000 	/usr/lib/system/libremovefile.dylib
0x00007ff80dce0000 	/usr/lib/system/libsystem_asl.dylib
0x00007ff808b5a000 	/usr/lib/system/libsystem_blocks.dylib
0x00007ff808cf3000 	/usr/lib/system/libsystem_c.dylib
0x00007ff813fe1000 	/usr/lib/system/libsystem_collections.dylib
0x00007ff812932000 	/usr/lib/system/libsystem_configuration.dylib
0x00007ff811bde000 	/usr/lib/system/libsystem_containermanager.dylib
0x00007ff813cc1000 	/usr/lib/system/libsystem_coreservices.dylib
0x00007ff80b389000 	/usr/lib/system/libsystem_darwin.dylib
0x00007ff813fec000 	/usr/lib/system/libsystem_dnssd.dylib
0x00007ff808cf0000 	/usr/lib/system/libsystem_featureflags.dylib
0x00007ff808e45000 	/usr/lib/system/libsystem_info.dylib
0x00007ff813f26000 	/usr/lib/system/libsystem_m.dylib
0x00007ff808c43000 	/usr/lib/system/libsystem_malloc.dylib
0x00007ff80dc7b000 	/usr/lib/system/libsystem_networkextension.dylib
0x00007ff80b7af000 	/usr/lib/system/libsystem_notify.dylib
0x00007ff81a315000 	/usr/lib/system/libsystem_product_info_filter.dylib
0x00007ff812936000 	/usr/lib/system/libsystem_sandbox.dylib
0x00007ff813fe6000 	/usr/lib/system/libsystem_secinit.dylib
0x00007ff808deb000 	/usr/lib/system/libsystem_kernel.dylib
0x00007ff808e3b000 	/usr/lib/system/libsystem_platform.dylib
0x00007ff808e23000 	/usr/lib/system/libsystem_pthread.dylib
0x00007ff80f598000 	/usr/lib/system/libsystem_symptoms.dylib
0x00007ff808b98000 	/usr/lib/system/libsystem_trace.dylib
0x00007ff813fbc000 	/usr/lib/system/libunwind.dylib
0x00007ff808b5c000 	/usr/lib/system/libxpc.dylib
0x00007ff808dd5000 	/usr/lib/libc++abi.dylib
0x00007ff813fc7000 	/usr/lib/liboah.dylib
0x00007ff814758000 	/usr/lib/liblzma.5.dylib
0x00007ff80992c000 	/System/Library/Frameworks/SystemConfiguration.framework/Versions/A/SystemConfiguration
0x00007ff813ffb000 	/usr/lib/libfakelink.dylib
0x00007ff80d7ec000 	/System/Library/Frameworks/CFNetwork.framework/Versions/A/CFNetwork
0x00007ff81413c000 	/usr/lib/libarchive.2.dylib
0x00007ff81293e000 	/System/Library/PrivateFrameworks/AppleSystemInfo.framework/Versions/A/AppleSystemInfo
0x00007ff81362e000 	/usr/lib/libbsm.0.dylib
0x00007ff80cdff000 	/usr/lib/libnetwork.dylib
0x00007ff813f94000 	/usr/lib/system/libkxld.dylib
0x00007ff81325a000 	/System/Library/PrivateFrameworks/IOMobileFramebuffer.framework/Versions/A/IOMobileFramebuffer
0x00007ffb20991000 	/usr/lib/libCoreEntitlements.dylib
0x00007ff813ca3000 	/System/Library/PrivateFrameworks/AppleFSCompression.framework/Versions/A/AppleFSCompression
0x00007ff813616000 	/usr/lib/libcoretls.dylib
0x00007ff814772000 	/usr/lib/libcoretls_cfhelpers.dylib
0x00007ff81427b000 	/usr/lib/libpam.2.dylib
0x00007ff80f1bb000 	/usr/lib/libsqlite3.dylib
0x00007ff8147e1000 	/usr/lib/libxar.1.dylib
0x00007ff813cb3000 	/usr/lib/libbz2.1.0.dylib
0x00007ff814000000 	/usr/lib/libpcap.A.dylib
0x00007ff80f590000 	/usr/lib/libdns_services.dylib
0x00007ff81424e000 	/usr/lib/libapple_nghttp2.dylib
0x00007ff81403a000 	/usr/lib/libiconv.2.dylib
0x00007ff813f8d000 	/usr/lib/libcharset.1.dylib
0x00007ff8109b3000 	/System/Library/Frameworks/CoreServices.framework/Versions/A/Frameworks/FSEvents.framework/Versions/A/FSEvents
0x00007ff80b393000 	/System/Library/Frameworks/CoreServices.framework/Versions/A/Frameworks/CarbonCore.framework/Versions/A/CarbonCore
0x00007ff80f7d9000 	/System/Library/Frameworks/CoreServices.framework/Versions/A/Frameworks/Metadata.framework/Versions/A/Metadata
0x00007ff813cc6000 	/System/Library/Frameworks/CoreServices.framework/Versions/A/Frameworks/OSServices.framework/Versions/A/OSServices
0x00007ff8141c3000 	/System/Library/Frameworks/CoreServices.framework/Versions/A/Frameworks/SearchKit.framework/Versions/A/SearchKit
0x00007ff80f523000 	/System/Library/Frameworks/CoreServices.framework/Versions/A/Frameworks/AE.framework/Versions/A/AE
0x00007ff809371000 	/System/Library/Frameworks/CoreServices.framework/Versions/A/Frameworks/LaunchServices.framework/Versions/A/LaunchServices
0x00007ff814709000 	/System/Library/Frameworks/CoreServices.framework/Versions/A/Frameworks/DictionaryServices.framework/Versions/A/DictionaryServices
0x00007ff8109c0000 	/System/Library/Frameworks/CoreServices.framework/Versions/A/Frameworks/SharedFileList.framework/Versions/A/SharedFileList
0x00007ff81360a000 	/usr/lib/libCheckFix.dylib
0x00007ff80dcf7000 	/System/Library/PrivateFrameworks/TCC.framework/Versions/A/TCC
0x00007ff812944000 	/System/Library/PrivateFrameworks/CoreNLP.framework/Versions/A/CoreNLP
0x00007ff80f789000 	/System/Library/PrivateFrameworks/MetadataUtilities.framework/Versions/A/MetadataUtilities
0x00007ff8099dc000 	/usr/lib/libmecabra.dylib
0x00007ff81363e000 	/usr/lib/libmecab.dylib
0x00007ff8099a7000 	/usr/lib/libCRFSuite.dylib
0x00007ff813698000 	/usr/lib/libgermantok.dylib
0x00007ff814229000 	/usr/lib/libThaiTokenizer.dylib
0x00007ff80f87c000 	/System/Library/Frameworks/Accelerate.framework/Versions/A/Frameworks/vImage.framework/Versions/A/vImage
0x00007ff81a417000 	/System/Library/Frameworks/Accelerate.framework/Versions/A/Frameworks/vecLib.framework/Versions/A/vecLib
0x00007ff814822000 	/System/Library/Frameworks/Accelerate.framework/Versions/A/Frameworks/vecLib.framework/Versions/A/libvMisc.dylib
0x00007ff813059000 	/System/Library/Frameworks/Accelerate.framework/Versions/A/Frameworks/vecLib.framework/Versions/A/libvDSP.dylib
0x00007ff8096eb000 	/System/Library/Frameworks/Accelerate.framework/Versions/A/Frameworks/vecLib.framework/Versions/A/libBLAS.dylib
0x00007ff81435e000 	/System/Library/Frameworks/Accelerate.framework/Versions/A/Frameworks/vecLib.framework/Versions/A/libLAPACK.dylib
0x00007ff81369b000 	/System/Library/Frameworks/Accelerate.framework/Versions/A/Frameworks/vecLib.framework/Versions/A/libLinearAlgebra.dylib
0x00007ff814266000 	/System/Library/Frameworks/Accelerate.framework/Versions/A/Frameworks/vecLib.framework/Versions/A/libSparseBLAS.dylib
0x00007ff814358000 	/System/Library/Frameworks/Accelerate.framework/Versions/A/Frameworks/vecLib.framework/Versions/A/libQuadrature.dylib
0x00007ff812a2f000 	/System/Library/Frameworks/Accelerate.framework/Versions/A/Frameworks/vecLib.framework/Versions/A/libBNNS.dylib
0x00007ff8098bd000 	/System/Library/Frameworks/Accelerate.framework/Versions/A/Frameworks/vecLib.framework/Versions/A/libSparse.dylib
0x00007ff812a28000 	/System/Library/PrivateFrameworks/LinguisticData.framework/Versions/A/LinguisticData
0x00007ff809873000 	/System/Library/PrivateFrameworks/Lexicon.framework/Versions/A/Lexicon
0x00007ff81481b000 	/usr/lib/libChineseTokenizer.dylib
0x00007ff809fd5000 	/System/Library/PrivateFrameworks/LanguageModeling.framework/Versions/A/LanguageModeling
0x00007ff81422b000 	/System/Library/PrivateFrameworks/AppleSauce.framework/Versions/A/AppleSauce
0x00007ff813248000 	/System/Library/PrivateFrameworks/CoreEmoji.framework/Versions/A/CoreEmoji
0x00007ff81412b000 	/usr/lib/libcmph.dylib
0x00007ff810997000 	/System/Library/Frameworks/OpenDirectory.framework/Versions/A/Frameworks/CFOpenDirectory.framework/Versions/A/CFOpenDirectory
0x00007ff81098b000 	/System/Library/Frameworks/OpenDirectory.framework/Versions/A/OpenDirectory
0x00007ff814774000 	/System/Library/PrivateFrameworks/APFS.framework/Versions/A/APFS
0x00007ff813565000 	/System/Library/Frameworks/SecurityFoundation.framework/Versions/A/SecurityFoundation
0x00007ff8147ef000 	/usr/lib/libutil.dylib
0x00007ff80b6bd000 	/System/Library/PrivateFrameworks/CoreServicesStore.framework/Versions/A/CoreServicesStore
0x00007ff8147f3000 	/usr/lib/libxslt.1.dylib
0x00007ff8135f2000 	/System/Library/PrivateFrameworks/BackgroundTaskManagement.framework/Versions/A/BackgroundTaskManagement
0x00007ff815d12000 	/System/Library/Frameworks/ImageIO.framework/Versions/A/Resources/libRadiance.dylib
0x00007ff815d1b000 	/System/Library/Frameworks/ImageIO.framework/Versions/A/Resources/libJPEG.dylib
0x00007ff815c6d000 	/System/Library/Frameworks/ImageIO.framework/Versions/A/Resources/libPng.dylib
0x00007ff815c8e000 	/System/Library/Frameworks/ImageIO.framework/Versions/A/Resources/libTIFF.dylib
0x00007ff815d7a000 	/System/Library/Frameworks/ImageIO.framework/Versions/A/Resources/libGIF.dylib
0x00007ff8155aa000 	/System/Library/Frameworks/ImageIO.framework/Versions/A/Resources/libJP2.dylib
0x00007ff814ce8000 	/usr/lib/libexpat.1.dylib
0x00007ff81555f000 	/System/Library/PrivateFrameworks/AppleJPEG.framework/Versions/A/AppleJPEG
0x00007ff811e78000 	/System/Library/PrivateFrameworks/FontServices.framework/libFontParser.dylib
0x00007ff80f4cd000 	/System/Library/PrivateFrameworks/RunningBoardServices.framework/Versions/A/RunningBoardServices
0x00007ff8206c6000 	/System/Library/PrivateFrameworks/IOSurfaceAccelerator.framework/Versions/A/IOSurfaceAccelerator
0x00007ff81568a000 	/System/Library/PrivateFrameworks/WatchdogClient.framework/Versions/A/WatchdogClient
0x00007ff80a0c3000 	/System/Library/Frameworks/CoreDisplay.framework/Versions/A/CoreDisplay
0x00007ff811d76000 	/System/Library/Frameworks/CoreMedia.framework/Versions/A/CoreMedia
0x00007ff811c0d000 	/System/Library/PrivateFrameworks/IOAccelerator.framework/Versions/A/IOAccelerator
0x00007ff810b14000 	/System/Library/Frameworks/CoreVideo.framework/Versions/A/CoreVideo
0x00007ff814279000 	/System/Library/Frameworks/MetalPerformanceShaders.framework/Versions/A/MetalPerformanceShaders
0x00007ff8156c7000 	/System/Library/Frameworks/VideoToolbox.framework/Versions/A/VideoToolbox
0x00007ff80f417000 	/System/Library/PrivateFrameworks/BaseBoard.framework/Versions/A/BaseBoard
0x00007ff80f1a1000 	/System/Library/PrivateFrameworks/ProtocolBuffer.framework/Versions/A/ProtocolBuffer
0x00007ff815d0b000 	/System/Library/PrivateFrameworks/GPUWrangler.framework/Versions/A/GPUWrangler
0x00007ff815cef000 	/System/Library/PrivateFrameworks/IOPresentment.framework/Versions/A/IOPresentment
0x00007ff815d15000 	/System/Library/PrivateFrameworks/DSExternalDisplay.framework/Versions/A/DSExternalDisplay
0x00007ffa2129c000 	/System/Library/Frameworks/OpenGL.framework/Versions/A/Libraries/libCoreFSCache.dylib
0x00007ffb0e13a000 	/System/Library/PrivateFrameworks/GPUCompiler.framework/Versions/31001/Libraries/libGPUCompilerUtils.dylib
0x00007ff815d7f000 	/System/Library/PrivateFrameworks/CMCaptureCore.framework/Versions/A/CMCaptureCore
0x00007ff815290000 	/System/Library/PrivateFrameworks/AppServerSupport.framework/Versions/A/AppServerSupport
0x00007ff81754b000 	/System/Library/PrivateFrameworks/perfdata.framework/Versions/A/perfdata
0x00007ff80a1ef000 	/System/Library/PrivateFrameworks/AudioToolboxCore.framework/Versions/A/AudioToolboxCore
0x00007ff811d54000 	/System/Library/PrivateFrameworks/caulk.framework/Versions/A/caulk
0x00007ff816e5d000 	/usr/lib/libAudioStatistics.dylib
0x00007ff90e64a000 	/System/Library/PrivateFrameworks/SystemPolicy.framework/Versions/A/SystemPolicy
0x00007ff8170b8000 	/usr/lib/libSMC.dylib
0x00007ff81ffc1000 	/System/Library/Frameworks/CoreMIDI.framework/Versions/A/CoreMIDI
0x00007ff815c3c000 	/usr/lib/libAudioToolboxUtility.dylib
0x00007ff90a8ed000 	/System/Library/PrivateFrameworks/OSAServicesClient.framework/Versions/A/OSAServicesClient
0x00007ff817558000 	/usr/lib/libperfcheck.dylib
0x00007ff90f0f4000 	/usr/lib/libmis.dylib
0x00007ffa212f7000 	/System/Library/Frameworks/OpenGL.framework/Versions/A/Libraries/libGLU.dylib
0x00007ffa212bb000 	/System/Library/Frameworks/OpenGL.framework/Versions/A/Libraries/libGFXShared.dylib
0x00007ffa214c4000 	/System/Library/Frameworks/OpenGL.framework/Versions/A/Libraries/libGL.dylib
0x00007ffa212c4000 	/System/Library/Frameworks/OpenGL.framework/Versions/A/Libraries/libGLImage.dylib
0x00007ffa212b8000 	/System/Library/Frameworks/OpenGL.framework/Versions/A/Libraries/libCVMSPluginSupport.dylib
0x00007ffa212a3000 	/System/Library/Frameworks/OpenGL.framework/Versions/A/Libraries/libCoreVMClient.dylib
0x00007ff8128c0000 	/System/Library/Frameworks/MetalPerformanceShaders.framework/Versions/A/Frameworks/MPSCore.framework/Versions/A/MPSCore
0x00007ff813c0e000 	/System/Library/Frameworks/MetalPerformanceShaders.framework/Versions/A/Frameworks/MPSImage.framework/Versions/A/MPSImage
0x00007ff8136b1000 	/System/Library/Frameworks/MetalPerformanceShaders.framework/Versions/A/Frameworks/MPSNeuralNetwork.framework/Versions/A/MPSNeuralNetwork
0x00007ff813b25000 	/System/Library/Frameworks/MetalPerformanceShaders.framework/Versions/A/Frameworks/MPSMatrix.framework/Versions/A/MPSMatrix
0x00007ff8138e0000 	/System/Library/Frameworks/MetalPerformanceShaders.framework/Versions/A/Frameworks/MPSRayIntersector.framework/Versions/A/MPSRayIntersector
0x00007ff813b5d000 	/System/Library/Frameworks/MetalPerformanceShaders.framework/Versions/A/Frameworks/MPSNDArray.framework/Versions/A/MPSNDArray
0x00007ffa26224000 	/System/Library/Frameworks/MetalPerformanceShaders.framework/Versions/A/Frameworks/MPSFunctions.framework/Versions/A/MPSFunctions
0x00007ff8095c8000 	/System/Library/PrivateFrameworks/MetalTools.framework/Versions/A/MetalTools
0x00007ff81293c000 	/System/Library/PrivateFrameworks/AggregateDictionary.framework/Versions/A/AggregateDictionary
0x00007ff814aca000 	/usr/lib/libIOReport.dylib
0x00007ffa228d3000 	/System/Library/Frameworks/OpenCL.framework/Versions/A/OpenCL
0x00007ff814e2e000 	/System/Library/PrivateFrameworks/FaceCore.framework/Versions/A/FaceCore
0x00007ff814e1f000 	/System/Library/PrivateFrameworks/GraphVisualizer.framework/Versions/A/GraphVisualizer
0x00007ffb0e045000 	/System/Library/PrivateFrameworks/FontServices.framework/Versions/A/FontServices
0x00007ff815248000 	/System/Library/PrivateFrameworks/OTSVG.framework/Versions/A/OTSVG
0x00007ff8106fb000 	/System/Library/Frameworks/ApplicationServices.framework/Versions/A/Frameworks/ATS.framework/Versions/A/Resources/libFontRegistry.dylib
0x00007ff815298000 	/System/Library/PrivateFrameworks/FontServices.framework/libhvf.dylib
0x00007ffb0e046000 	/System/Library/PrivateFrameworks/FontServices.framework/libXTFontStaticRegistryData.dylib
0x00007ff814c98000 	/System/Library/PrivateFrameworks/AppleVA.framework/Versions/A/AppleVA
0x00007ff816e7d000 	/System/Library/Frameworks/ApplicationServices.framework/Versions/A/Frameworks/ATS.framework/Versions/A/ATS
0x00007ff80e8d4000 	/System/Library/Frameworks/ApplicationServices.framework/Versions/A/Frameworks/HIServices.framework/Versions/A/HIServices
0x00007ff815d89000 	/System/Library/Frameworks/ApplicationServices.framework/Versions/A/Frameworks/PrintCore.framework/Versions/A/PrintCore
0x00007ff81720b000 	/System/Library/Frameworks/ApplicationServices.framework/Versions/A/Frameworks/QD.framework/Versions/A/QD
0x00007ff817203000 	/System/Library/Frameworks/ApplicationServices.framework/Versions/A/Frameworks/ColorSyncLegacy.framework/Versions/A/ColorSyncLegacy
0x00007ff816e6d000 	/System/Library/Frameworks/ApplicationServices.framework/Versions/A/Frameworks/SpeechSynthesis.framework/Versions/A/SpeechSynthesis
0x00007ff815d4a000 	/System/Library/Frameworks/ApplicationServices.framework/Versions/A/Frameworks/ATSUI.framework/Versions/A/ATSUI
0x00007ff817198000 	/usr/lib/libcups.2.dylib
0x00007ff817567000 	/System/Library/Frameworks/Kerberos.framework/Versions/A/Kerberos
0x00007ff817576000 	/System/Library/Frameworks/GSS.framework/Versions/A/GSS
0x00007ff816ee9000 	/usr/lib/libresolv.9.dylib
0x00007ff8152a7000 	/System/Library/PrivateFrameworks/Heimdal.framework/Versions/A/Heimdal
0x00007ff81e143000 	/System/Library/Frameworks/Kerberos.framework/Versions/A/Libraries/libHeimdalProxy.dylib
0x00007ff80f5a0000 	/System/Library/Frameworks/Network.framework/Versions/A/Network
0x00007ff814d02000 	/usr/lib/libheimdal-asn1.dylib
0x00007ff8175c1000 	/System/Library/PrivateFrameworks/CommonAuth.framework/Versions/A/CommonAuth
0x00007ff816def000 	/System/Library/PrivateFrameworks/AudioSession.framework/Versions/A/AudioSession
0x00007ff814d92000 	/System/Library/PrivateFrameworks/MediaExperience.framework/Versions/A/MediaExperience
0x00007ff816c82000 	/System/Library/PrivateFrameworks/AudioSession.framework/libSessionUtility.dylib
0x00007ff817217000 	/System/Library/PrivateFrameworks/AudioResourceArbitration.framework/Versions/A/AudioResourceArbitration
0x00007ff81b28a000 	/System/Library/PrivateFrameworks/PowerLog.framework/Versions/A/PowerLog
0x00007ff814d0b000 	/System/Library/PrivateFrameworks/IconFoundation.framework/Versions/A/IconFoundation
0x00007ff81a040000 	/System/Library/PrivateFrameworks/SpeechRecognitionCore.framework/Versions/A/SpeechRecognitionCore
0x000000010a0a5000 	/Users/batucagan/wpilib/2022/jdk/lib/server/libjvm.dylib
0x0000000109378000 	/Users/batucagan/wpilib/2022/jdk/lib/libverify.dylib
0x000000010939d000 	/Users/batucagan/wpilib/2022/jdk/lib/libjava.dylib
0x000000010930a000 	/Users/batucagan/wpilib/2022/jdk/lib/libjimage.dylib
0x0000000109450000 	/Users/batucagan/wpilib/2022/jdk/lib/libzip.dylib


VM Arguments:
jvm_args: -Xmx64m -Xms64m -Dorg.gradle.appname=gradlew 
java_command: org.gradle.wrapper.GradleWrapperMain build
java_class_path (initial): /Users/batucagan/Desktop/FRC önemli dosyalar/FRC_bos_iskelet/gradle/wrapper/gradle-wrapper.jar
Launcher Type: SUN_STANDARD

[Global flags]
     uint G1ConcRefinementThreads                  = 8                                         {product} {ergonomic}
    uintx GCDrainStackTargetSize                   = 64                                        {product} {ergonomic}
   size_t InitialHeapSize                          = 67108864                                  {product} {command line}
   size_t MaxHeapSize                              = 67108864                                  {product} {command line}
    uintx ReservedCodeCacheSize                    = 251658240                              {pd product} {ergonomic}
     bool SegmentedCodeCache                       = true                                      {product} {ergonomic}
     bool UseCompressedClassPointers               = true                                 {lp64_product} {ergonomic}
     bool UseCompressedOops                        = true                                 {lp64_product} {ergonomic}
     bool UseG1GC                                  = true                                      {product} {ergonomic}

Logging:
Log output configuration:
 #0: stdout all=warning uptime,level,tags
 #1: stderr all=off uptime,level,tags

Environment Variables:
JAVA_HOME=/Users/batucagan/wpilib/2022/jdk
PATH=/Users/batucagan/wpilib/2022/jdk/bin:/usr/bin:/bin:/usr/sbin:/sbin
SHELL=/bin/zsh
LANG=en_US.UTF-8

Signal Handlers:
SIGSEGV: [libjvm.dylib+0x7c4d6c], sa_mask[0]=11111111111111111111111111111111, sa_flags=SA_ONSTACK|SA_RESTART|SA_SIGINFO
SIGBUS: [libjvm.dylib+0x7c4d6c], sa_mask[0]=11111111111111111111111111111111, sa_flags=SA_RESTART|SA_SIGINFO
SIGFPE: [libjvm.dylib+0x7c4d6c], sa_mask[0]=11111111111111111111111111111111, sa_flags=SA_RESTART|SA_SIGINFO
SIGPIPE: [libjvm.dylib+0x6298ca], sa_mask[0]=11111111111111111111111111111111, sa_flags=SA_RESTART|SA_SIGINFO
SIGXFSZ: [libjvm.dylib+0x6298ca], sa_mask[0]=11111111111111111111111111111111, sa_flags=SA_RESTART|SA_SIGINFO
SIGILL: [libjvm.dylib+0x7c4d6c], sa_mask[0]=11111111111111111111111111111111, sa_flags=SA_RESTART|SA_SIGINFO
SIGUSR2: [libjvm.dylib+0x629eb1], sa_mask[0]=00000000000000000000000000000000, sa_flags=SA_RESTART|SA_SIGINFO
SIGHUP: SIG_DFL, sa_mask[0]=11111111011111110111111111111111, sa_flags=none
SIGINT: SIG_DFL, sa_mask[0]=11111111011111110111111111111111, sa_flags=none
SIGTERM: SIG_DFL, sa_mask[0]=11111111011111110111111111111111, sa_flags=none
SIGQUIT: SIG_DFL, sa_mask[0]=11111111011111110111111111111111, sa_flags=none


---------------  S Y S T E M  ---------------

OS:uname:Darwin 21.4.0 Darwin Kernel Version 21.4.0: Fri Mar 18 00:47:26 PDT 2022; root:xnu-8020.101.4~15/RELEASE_ARM64_T8101 x86_64
OS uptime: 0 days 13:11 hours
rlimit (soft/hard): STACK 8176k/65520k , CORE 0k/infinity , NPROC 1333/2000 , NOFILE 10240/infinity , AS infinity/infinity , CPU infinity/infinity , DATA infinity/infinity , FSIZE infinity/infinity , MEMLOCK infinity/infinity , RSS infinity/infinity
load average:2.94 2.40 1.83

CPU:total 8 (initial active 8) 

Memory: 4k page, physical 8388608k(63508k free), swap 2097152k(894464k free)

vm_info: OpenJDK 64-Bit Server VM (11.0.13+8) for bsd-amd64 JRE (11.0.13+8), built on Oct 20 2021 01:56:05 by "jenkins" with clang 4.2.1 Compatible Apple LLVM 10.0.1 (clang-1001.0.46.4)

END.
